<?xml version="1.0" encoding="UTF-8"?>
<testng-results ignored="0" total="2" passed="2" failed="0" skipped="0">
  <reporter-output>
  </reporter-output>
  <suite started-at="2025-03-02T10:09:38 IST" name="Suite" finished-at="2025-03-02T10:09:56 IST" duration-ms="17327">
    <groups>
      <group name="Master">
        <method signature="TC1_RegisterTest.val_accountregister()[pri:0, instance:testCases.TC1_RegisterTest@7f0d96f2]" name="val_accountregister" class="testCases.TC1_RegisterTest"/>
        <method signature="TC2_LoginTest.login_myAccount()[pri:0, instance:testCases.TC2_LoginTest@29526c05]" name="login_myAccount" class="testCases.TC2_LoginTest"/>
      </group> <!-- Master -->
      <group name="Sanity">
        <method signature="TC2_LoginTest.login_myAccount()[pri:0, instance:testCases.TC2_LoginTest@29526c05]" name="login_myAccount" class="testCases.TC2_LoginTest"/>
      </group> <!-- Sanity -->
      <group name="Regression">
        <method signature="TC1_RegisterTest.val_accountregister()[pri:0, instance:testCases.TC1_RegisterTest@7f0d96f2]" name="val_accountregister" class="testCases.TC1_RegisterTest"/>
      </group> <!-- Regression -->
    </groups>
    <test started-at="2025-03-02T10:09:38 IST" name="Test" finished-at="2025-03-02T10:09:56 IST" duration-ms="17327">
      <class name="testCases.TC2_LoginTest">
        <test-method is-config="true" signature="setup(java.lang.String,java.lang.String)[pri:0, instance:testCases.TC2_LoginTest@29526c05]" started-at="2025-03-02T10:09:49 IST" name="setup" finished-at="2025-03-02T10:09:53 IST" duration-ms="3908" status="PASS">
          <params>
            <param index="0">
              <value>
                <![CDATA[Windows]]>
              </value>
            </param>
            <param index="1">
              <value>
                <![CDATA[chrome]]>
              </value>
            </param>
          </params>
          <reporter-output>
          </reporter-output>
        </test-method> <!-- setup -->
        <test-method signature="login_myAccount()[pri:0, instance:testCases.TC2_LoginTest@29526c05]" started-at="2025-03-02T10:09:53 IST" name="login_myAccount" finished-at="2025-03-02T10:09:56 IST" duration-ms="2171" status="PASS">
          <reporter-output>
          </reporter-output>
        </test-method> <!-- login_myAccount -->
        <test-method is-config="true" signature="teardown()[pri:0, instance:testCases.TC2_LoginTest@29526c05]" started-at="2025-03-02T10:09:56 IST" name="teardown" finished-at="2025-03-02T10:09:56 IST" duration-ms="254" status="PASS">
          <reporter-output>
          </reporter-output>
        </test-method> <!-- teardown -->
      </class> <!-- testCases.TC2_LoginTest -->
      <class name="testCases.TC1_RegisterTest">
        <test-method is-config="true" signature="setup(java.lang.String,java.lang.String)[pri:0, instance:testCases.TC1_RegisterTest@7f0d96f2]" started-at="2025-03-02T10:09:39 IST" name="setup" finished-at="2025-03-02T10:09:45 IST" duration-ms="6058" status="PASS">
          <params>
            <param index="0">
              <value>
                <![CDATA[Windows]]>
              </value>
            </param>
            <param index="1">
              <value>
                <![CDATA[chrome]]>
              </value>
            </param>
          </params>
          <reporter-output>
          </reporter-output>
        </test-method> <!-- setup -->
        <test-method signature="val_accountregister()[pri:0, instance:testCases.TC1_RegisterTest@7f0d96f2]" started-at="2025-03-02T10:09:45 IST" name="val_accountregister" finished-at="2025-03-02T10:09:49 IST" duration-ms="4247" status="PASS">
          <reporter-output>
          </reporter-output>
        </test-method> <!-- val_accountregister -->
        <test-method is-config="true" signature="teardown()[pri:0, instance:testCases.TC1_RegisterTest@7f0d96f2]" started-at="2025-03-02T10:09:49 IST" name="teardown" finished-at="2025-03-02T10:09:49 IST" duration-ms="305" status="PASS">
          <reporter-output>
          </reporter-output>
        </test-method> <!-- teardown -->
      </class> <!-- testCases.TC1_RegisterTest -->
    </test> <!-- Test -->
  </suite> <!-- Suite -->
</testng-results>
