<?xml version="1.0" encoding="UTF-8"?>
<testng-results ignored="0" total="1" passed="1" failed="0" skipped="0">
  <reporter-output>
  </reporter-output>
  <suite started-at="2025-03-04T12:05:04 IST" name="Suite" finished-at="2025-03-04T12:05:14 IST" duration-ms="9792">
    <groups>
      <group name="Master">
        <method signature="TC4_AddtoCartTest.AddtoCart()[pri:0, instance:testCases.TC4_AddtoCartTest@36328d33]" name="AddtoCart" class="testCases.TC4_AddtoCartTest"/>
      </group> <!-- Master -->
    </groups>
    <test started-at="2025-03-04T12:05:04 IST" name="Test" finished-at="2025-03-04T12:05:14 IST" duration-ms="9792">
      <class name="testCases.TC4_AddtoCartTest">
        <test-method is-config="true" signature="setup(java.lang.String,java.lang.String)[pri:0, instance:testCases.TC4_AddtoCartTest@36328d33]" started-at="2025-03-04T12:05:04 IST" name="setup" finished-at="2025-03-04T12:05:07 IST" duration-ms="2480" status="PASS">
          <params>
            <param index="0">
              <value>
                <![CDATA[Windows]]>
              </value>
            </param>
            <param index="1">
              <value>
                <![CDATA[chrome]]>
              </value>
            </param>
          </params>
          <reporter-output>
          </reporter-output>
        </test-method> <!-- setup -->
        <test-method signature="AddtoCart()[pri:0, instance:testCases.TC4_AddtoCartTest@36328d33]" started-at="2025-03-04T12:05:07 IST" name="AddtoCart" finished-at="2025-03-04T12:05:13 IST" duration-ms="6826" status="PASS">
          <reporter-output>
          </reporter-output>
        </test-method> <!-- AddtoCart -->
        <test-method is-config="true" signature="teardown()[pri:0, instance:testCases.TC4_AddtoCartTest@36328d33]" started-at="2025-03-04T12:05:13 IST" name="teardown" finished-at="2025-03-04T12:05:14 IST" duration-ms="228" status="PASS">
          <reporter-output>
          </reporter-output>
        </test-method> <!-- teardown -->
      </class> <!-- testCases.TC4_AddtoCartTest -->
    </test> <!-- Test -->
  </suite> <!-- Suite -->
</testng-results>
