<?xml version="1.0" encoding="UTF-8"?>
<testng-results ignored="0" total="2" passed="2" failed="0" skipped="0">
  <reporter-output>
  </reporter-output>
  <suite started-at="2025-02-27T18:23:00 IST" name="Suite" finished-at="2025-02-27T18:23:11 IST" duration-ms="10881">
    <groups>
      <group name="Master">
        <method signature="TC1_RegisterTest.val_accountregister()[pri:0, instance:testCases.TC1_RegisterTest@639c2c1d]" name="val_accountregister" class="testCases.TC1_RegisterTest"/>
        <method signature="TC2_LoginTest.login_myAccount()[pri:0, instance:testCases.TC2_LoginTest@6771beb3]" name="login_myAccount" class="testCases.TC2_LoginTest"/>
      </group> <!-- Master -->
      <group name="Sanity">
        <method signature="TC2_LoginTest.login_myAccount()[pri:0, instance:testCases.TC2_LoginTest@6771beb3]" name="login_myAccount" class="testCases.TC2_LoginTest"/>
      </group> <!-- Sanity -->
      <group name="Regression">
        <method signature="TC1_RegisterTest.val_accountregister()[pri:0, instance:testCases.TC1_RegisterTest@639c2c1d]" name="val_accountregister" class="testCases.TC1_RegisterTest"/>
      </group> <!-- Regression -->
    </groups>
    <test started-at="2025-02-27T18:23:00 IST" name="Linux-Chrome-Test" finished-at="2025-02-27T18:23:11 IST" duration-ms="10881">
      <class name="testCases.TC2_LoginTest">
        <test-method is-config="true" signature="setup(java.lang.String,java.lang.String)[pri:0, instance:testCases.TC2_LoginTest@6771beb3]" started-at="2025-02-27T18:23:08 IST" name="setup" finished-at="2025-02-27T18:23:09 IST" duration-ms="1519" status="PASS">
          <params>
            <param index="0">
              <value>
                <![CDATA[Linux]]>
              </value>
            </param>
            <param index="1">
              <value>
                <![CDATA[chrome]]>
              </value>
            </param>
          </params>
          <reporter-output>
          </reporter-output>
        </test-method> <!-- setup -->
        <test-method signature="login_myAccount()[pri:0, instance:testCases.TC2_LoginTest@6771beb3]" started-at="2025-02-27T18:23:09 IST" name="login_myAccount" finished-at="2025-02-27T18:23:11 IST" duration-ms="1781" status="PASS">
          <reporter-output>
          </reporter-output>
        </test-method> <!-- login_myAccount -->
        <test-method is-config="true" signature="teardown()[pri:0, instance:testCases.TC2_LoginTest@6771beb3]" started-at="2025-02-27T18:23:11 IST" name="teardown" finished-at="2025-02-27T18:23:11 IST" duration-ms="92" status="PASS">
          <reporter-output>
          </reporter-output>
        </test-method> <!-- teardown -->
      </class> <!-- testCases.TC2_LoginTest -->
      <class name="testCases.TC1_RegisterTest">
        <test-method is-config="true" signature="setup(java.lang.String,java.lang.String)[pri:0, instance:testCases.TC1_RegisterTest@639c2c1d]" started-at="2025-02-27T18:23:01 IST" name="setup" finished-at="2025-02-27T18:23:05 IST" duration-ms="4669" status="PASS">
          <params>
            <param index="0">
              <value>
                <![CDATA[Linux]]>
              </value>
            </param>
            <param index="1">
              <value>
                <![CDATA[chrome]]>
              </value>
            </param>
          </params>
          <reporter-output>
          </reporter-output>
        </test-method> <!-- setup -->
        <test-method signature="val_accountregister()[pri:0, instance:testCases.TC1_RegisterTest@639c2c1d]" started-at="2025-02-27T18:23:05 IST" name="val_accountregister" finished-at="2025-02-27T18:23:08 IST" duration-ms="2295" status="PASS">
          <reporter-output>
          </reporter-output>
        </test-method> <!-- val_accountregister -->
        <test-method is-config="true" signature="teardown()[pri:0, instance:testCases.TC1_RegisterTest@639c2c1d]" started-at="2025-02-27T18:23:08 IST" name="teardown" finished-at="2025-02-27T18:23:08 IST" duration-ms="106" status="PASS">
          <reporter-output>
          </reporter-output>
        </test-method> <!-- teardown -->
      </class> <!-- testCases.TC1_RegisterTest -->
    </test> <!-- Linux-Chrome-Test -->
  </suite> <!-- Suite -->
</testng-results>
